(c) Copyright IBM Corporation 1993,2007
Command Line Processor for DB2 Client 10.5.3

You can issue database manager commands and SQL statements from the command 
prompt. For example:
    db2 => connect to sample
    db2 => bind sample.bnd

For general help, type: ?.
For command help, type: ? command, where command can be
the first few keywords of a database manager command. For example:
 ? CATALOG DATABASE for help on the CATALOG DATABASE command
 ? CATALOG          for help on all of the CATALOG commands.

To exit db2 interactive mode, type QUIT at the command prompt. Outside 
interactive mode, all commands must be prefixed with 'db2'.
To list the current command option settings, type LIST COMMAND OPTIONS.

For more detailed help, refer to the Online Reference Manual.

db2 => DESCRIBE TABLE CS421G43.ADMINISTERS

                                Data type                     Column
Column name                     schema    Data type name      Length     Scale Nulls
------------------------------- --------- ------------------- ---------- ----- ------
UID                             SYSIBM    INTEGER                      4     0 No    
GID                             SYSIBM    INTEGER                      4     0 No    

  2 record(s) selected.


db2 => DESCRIBE TABLE CS421G43.BIDIRECTIONALFRIENDS

                                Data type                     Column
Column name                     schema    Data type name      Length     Scale Nulls
------------------------------- --------- ------------------- ---------- ----- ------
USERA                           SYSIBM    INTEGER                      4     0 No    
USERB                           SYSIBM    INTEGER                      4     0 No    
SINCEWHEN                       SYSIBM    DATE                         4     0 No    

  3 record(s) selected.


db2 => DESCRIBE TABLE CS421G43.COMMENT

                                Data type                     Column
Column name                     schema    Data type name      Length     Scale Nulls
------------------------------- --------- ------------------- ---------- ----- ------
CID                             SYSIBM    INTEGER                      4     0 No    
POSTDATE                        SYSIBM    TIMESTAMP                   10     6 No    
MESSAGE                         SYSIBM    VARCHAR                    200     0 No    
POST                            SYSIBM    INTEGER                      4     0 Yes   
POSTER                          SYSIBM    INTEGER                      4     0 No    
ORIGINALCOMMENT                 SYSIBM    INTEGER                      4     0 Yes   

  6 record(s) selected.


db2 => DESCRIBE TABLE CS421G43.CONTAINSTAG

                                Data type                     Column
Column name                     schema    Data type name      Length     Scale Nulls
------------------------------- --------- ------------------- ---------- ----- ------
POST                            SYSIBM    INTEGER                      4     0 No    
TAG                             SYSIBM    VARCHAR                     20     0 No    

  2 record(s) selected.


db2 => DESCRIBE TABLE CS421G43.EVENT

                                Data type                     Column
Column name                     schema    Data type name      Length     Scale Nulls
------------------------------- --------- ------------------- ---------- ----- ------
OWNID                           SYSIBM    INTEGER                      4     0 No    
EVENTNAME                       SYSIBM    VARCHAR                     50     0 No    
EVENTDATE                       SYSIBM    TIMESTAMP                   10     6 Yes   
LOCATION                        SYSIBM    VARCHAR                    100     0 Yes   
PLANNER                         SYSIBM    INTEGER                      4     0 No    

  5 record(s) selected.


db2 => DESCRIBE TABLE CS421G43.FRIENDS

                                Data type                     Column
Column name                     schema    Data type name      Length     Scale Nulls
------------------------------- --------- ------------------- ---------- ----- ------
USERA                           SYSIBM    INTEGER                      4     0 No    
USERB                           SYSIBM    INTEGER                      4     0 No    
SINCEWHEN                       SYSIBM    DATE                         4     0 No    

  3 record(s) selected.


db2 => DESCRIBE TABLE CS421G43.FRIENDSOFFRIENDS

                                Data type                     Column
Column name                     schema    Data type name      Length     Scale Nulls
------------------------------- --------- ------------------- ---------- ----- ------
USERA                           SYSIBM    INTEGER                      4     0 No    
USERB                           SYSIBM    INTEGER                      4     0 No    

  2 record(s) selected.


db2 => DESCRIBE TABLE CS421G43.GOINGTO

                                Data type                     Column
Column name                     schema    Data type name      Length     Scale Nulls
------------------------------- --------- ------------------- ---------- ----- ------
UID                             SYSIBM    INTEGER                      4     0 No    
EID                             SYSIBM    INTEGER                      4     0 No    

  2 record(s) selected.


db2 => DESCRIBE TABLE CS421G43.GROUP

                                Data type                     Column
Column name                     schema    Data type name      Length     Scale Nulls
------------------------------- --------- ------------------- ---------- ----- ------
OWNID                           SYSIBM    INTEGER                      4     0 No    
GROUPENAME                      SYSIBM    VARCHAR                     50     0 No    
CREATOR                         SYSIBM    INTEGER                      4     0 No    

  3 record(s) selected.


db2 => DESCRIBE TABLE CS421G43.LIKE

                                Data type                     Column
Column name                     schema    Data type name      Length     Scale Nulls
------------------------------- --------- ------------------- ---------- ----- ------
UID                             SYSIBM    INTEGER                      4     0 No    
PID                             SYSIBM    INTEGER                      4     0 No    

  2 record(s) selected.


db2 => DESCRIBE TABLE CS421G43.MEMBEROF

                                Data type                     Column
Column name                     schema    Data type name      Length     Scale Nulls
------------------------------- --------- ------------------- ---------- ----- ------
UID                             SYSIBM    INTEGER                      4     0 No    
GID                             SYSIBM    INTEGER                      4     0 No    

  2 record(s) selected.


db2 => DESCRIBE TABLE CS421G43.PAGEOWNER

                                Data type                     Column
Column name                     schema    Data type name      Length     Scale Nulls
------------------------------- --------- ------------------- ---------- ----- ------
OWNID                           SYSIBM    INTEGER                      4     0 No    
DESCRIPTION                     SYSIBM    VARCHAR                    200     0 Yes   
PRIVACY                         SYSIBM    VARCHAR                     25     0 No    
PAGEID                          SYSIBM    INTEGER                      4     0 No    

  4 record(s) selected.


db2 => DESCRIBE TABLE CS421G43.POST

                                Data type                     Column
Column name                     schema    Data type name      Length     Scale Nulls
------------------------------- --------- ------------------- ---------- ----- ------
PID                             SYSIBM    INTEGER                      4     0 No    
POSTDATE                        SYSIBM    TIMESTAMP                   10     6 No    
MESSAGE                         SYSIBM    VARCHAR                    500     0 No    
POSTER                          SYSIBM    INTEGER                      4     0 No    
PAGE                            SYSIBM    INTEGER                      4     0 No    
ORIGINALPOST                    SYSIBM    INTEGER                      4     0 Yes   

  6 record(s) selected.


db2 => DESCRIBE TABLE CS421G43.PRIVATEMESSAGE

                                Data type                     Column
Column name                     schema    Data type name      Length     Scale Nulls
------------------------------- --------- ------------------- ---------- ----- ------
PMID                            SYSIBM    INTEGER                      4     0 No    
MESSAGE                         SYSIBM    VARCHAR                    200     0 No    
SENDER                          SYSIBM    INTEGER                      4     0 No    
RECEIVER                        SYSIBM    INTEGER                      4     0 No    
DATESENT                        SYSIBM    TIMESTAMP                   10     6 No    
DATEREAD                        SYSIBM    TIMESTAMP                   10     6 Yes   

  6 record(s) selected.


db2 => DESCRIBE TABLE CS421G43.PUBLICEVENTS

                                Data type                     Column
Column name                     schema    Data type name      Length     Scale Nulls
------------------------------- --------- ------------------- ---------- ----- ------
OWNID                           SYSIBM    INTEGER                      4     0 No    
EVENTNAME                       SYSIBM    VARCHAR                     50     0 No    
EVENTDATE                       SYSIBM    TIMESTAMP                   10     6 Yes   
LOCATION                        SYSIBM    VARCHAR                    100     0 Yes   
PLANNER                         SYSIBM    INTEGER                      4     0 No    
DESCRIPTION                     SYSIBM    VARCHAR                    200     0 Yes   
PRIVACY                         SYSIBM    VARCHAR                     25     0 No    
PAGEID                          SYSIBM    INTEGER                      4     0 No    

  8 record(s) selected.


db2 => DESCRIBE TABLE CS421G43.PUBLICGROUPS

                                Data type                     Column
Column name                     schema    Data type name      Length     Scale Nulls
------------------------------- --------- ------------------- ---------- ----- ------
OWNID                           SYSIBM    INTEGER                      4     0 No    
GROUPENAME                      SYSIBM    VARCHAR                     50     0 No    
CREATOR                         SYSIBM    INTEGER                      4     0 No    
DESCRIPTION                     SYSIBM    VARCHAR                    200     0 Yes   
PRIVACY                         SYSIBM    VARCHAR                     25     0 No    
PAGEID                          SYSIBM    INTEGER                      4     0 No    

  6 record(s) selected.


db2 => DESCRIBE TABLE CS421G43.PUBLICPAGEOWNERS

                                Data type                     Column
Column name                     schema    Data type name      Length     Scale Nulls
------------------------------- --------- ------------------- ---------- ----- ------
OWNID                           SYSIBM    INTEGER                      4     0 No    
DESCRIPTION                     SYSIBM    VARCHAR                    200     0 Yes   
PRIVACY                         SYSIBM    VARCHAR                     25     0 No    
PAGEID                          SYSIBM    INTEGER                      4     0 No    

  4 record(s) selected.


db2 => DESCRIBE TABLE CS421G43.PUBLICUSERS

                                Data type                     Column
Column name                     schema    Data type name      Length     Scale Nulls
------------------------------- --------- ------------------- ---------- ----- ------
OWNID                           SYSIBM    INTEGER                      4     0 No    
USERNAME                        SYSIBM    VARCHAR                     20     0 No    
BIRTHDAY                        SYSIBM    DATE                         4     0 Yes   
EMAIL                           SYSIBM    VARCHAR                    100     0 No    
DESCRIPTION                     SYSIBM    VARCHAR                    200     0 Yes   
PRIVACY                         SYSIBM    VARCHAR                     25     0 No    
PAGEID                          SYSIBM    INTEGER                      4     0 No    

  7 record(s) selected.


db2 => DESCRIBE TABLE CS421G43.TAG

                                Data type                     Column
Column name                     schema    Data type name      Length     Scale Nulls
------------------------------- --------- ------------------- ---------- ----- ------
TNAME                           SYSIBM    VARCHAR                     20     0 No    

  1 record(s) selected.


db2 => DESCRIBE TABLE CS421G43.USER

                                Data type                     Column
Column name                     schema    Data type name      Length     Scale Nulls
------------------------------- --------- ------------------- ---------- ----- ------
OWNID                           SYSIBM    INTEGER                      4     0 No    
USERNAME                        SYSIBM    VARCHAR                     20     0 No    
BIRTHDAY                        SYSIBM    DATE                         4     0 Yes   
EMAIL                           SYSIBM    VARCHAR                    100     0 No    
PASSWORD                        SYSIBM    VARCHAR                    100     0 No    

  5 record(s) selected.


db2 => 